<?xml version="1.0" encoding="UTF-8"?>
<!-- Generated by org.testng.reporters.JUnitXMLReporter -->
<testsuite hostname="4003DLAB10232924" ignored="0" name="Test" tests="1" failures="1" timestamp="2024-07-30T10:53:11 IST" time="33.69" errors="0">
  <testcase name="scenario" time="32.49" classname="com.DmartLabs.bdd.Runner.TestRunner">
    <failure type="java.lang.IllegalArgumentException" message="Can not set io.appium.java_client.MobileElement field com.DmartLabs.bdd.pages.GenericLoginPage.username to null value">
      <![CDATA[java.lang.IllegalArgumentException: Can not set io.appium.java_client.MobileElement field com.DmartLabs.bdd.pages.GenericLoginPage.username to null value
at org.openqa.selenium.support.PageFactory.proxyFields(PageFactory.java:117)
at org.openqa.selenium.support.PageFactory.initElements(PageFactory.java:105)
at com.DmartLabs.bdd.pages.GenericLoginPage.<init>(GenericLoginPage.java:14)
at com.DmartLabs.stepdefinitions.GenericStep.<init>(GenericStep.java:7)
at org.picocontainer.injectors.AbstractInjector.newInstance(AbstractInjector.java:145)
at org.picocontainer.injectors.ConstructorInjector$1.run(ConstructorInjector.java:342)
at org.picocontainer.injectors.AbstractInjector$ThreadLocalCyclicDependencyGuard.observe(AbstractInjector.java:270)
at org.picocontainer.injectors.ConstructorInjector.getComponentInstance(ConstructorInjector.java:364)
at org.picocontainer.injectors.AbstractInjectionFactory$LifecycleAdapter.getComponentInstance(AbstractInjectionFactory.java:56)
at org.picocontainer.behaviors.AbstractBehavior.getComponentInstance(AbstractBehavior.java:64)
at org.picocontainer.behaviors.Stored.getComponentInstance(Stored.java:91)
at org.picocontainer.DefaultPicoContainer.getInstance(DefaultPicoContainer.java:699)
at org.picocontainer.DefaultPicoContainer.getComponent(DefaultPicoContainer.java:647)
at org.picocontainer.DefaultPicoContainer.getComponent(DefaultPicoContainer.java:678)
at io.cucumber.picocontainer.PicoFactory.getInstance(PicoFactory.java:49)
at io.cucumber.java.AbstractGlueDefinition.invokeMethod(AbstractGlueDefinition.java:47)
at io.cucumber.java.JavaStepDefinition.execute(JavaStepDefinition.java:29)
at io.cucumber.core.runner.CoreStepDefinition.execute(CoreStepDefinition.java:66)
at io.cucumber.core.runner.PickleStepDefinitionMatch.runStep(PickleStepDefinitionMatch.java:63)
at io.cucumber.core.runner.ExecutionMode$1.execute(ExecutionMode.java:10)
at io.cucumber.core.runner.TestStep.executeStep(TestStep.java:92)
at io.cucumber.core.runner.TestStep.run(TestStep.java:64)
at io.cucumber.core.runner.PickleStepTestStep.run(PickleStepTestStep.java:51)
at io.cucumber.core.runner.TestCase.run(TestCase.java:104)
at io.cucumber.core.runner.Runner.runPickle(Runner.java:71)
at io.cucumber.testng.TestNGCucumberRunner.lambda$runScenario$0(TestNGCucumberRunner.java:116)
at io.cucumber.core.runtime.CucumberExecutionContext.runTestCase(CucumberExecutionContext.java:117)
at io.cucumber.testng.TestNGCucumberRunner.runScenario(TestNGCucumberRunner.java:113)
at com.DmartLabs.bdd.Runner.TestRunner.scenario(TestRunner.java:44)
at java.util.ArrayList.forEach(ArrayList.java:1259)
... Removed 39 stack frames]]>
    </failure>
  </testcase> <!-- scenario -->
</testsuite> <!-- Test -->
