-------------------------------------------------------------------------------
Test set: TestSuite
-------------------------------------------------------------------------------
Tests run: 1, Failures: 1, Errors: 0, Skipped: 0, Time elapsed: 34.508 s <<< FAILURE! - in TestSuite
com.DmartLabs.bdd.Runner.TestRunner.scenario["pick the PickingSevenItemsMultiUserTwo", "Optional[Verify the functionality of multi users]"](1)  Time elapsed: 32.58 s  <<< FAILURE!
java.lang.IllegalArgumentException: Can not set io.appium.java_client.MobileElement field com.DmartLabs.bdd.pages.GenericLoginPage.username to null value
	at com.DmartLabs.bdd.Runner.TestRunner.scenario(TestRunner.java:44)

